# JRE version: Java(TM) SE Runtime Environment (8.0_144-b01) (build 1.8.0_144-b01)
# Java VM: Java HotSpot(TM) 64-Bit Server VM (25.144-b01 mixed mode windows-amd64 compressed oops)
Heap:
 PSYoungGen      total 71680K, used 32883K [0x00000000eab00000, 0x00000000ef600000, 0x0000000100000000)
  eden space 66560K, 41% used [0x00000000eab00000,0x00000000ec61e430,0x00000000eec00000)
  from space 5120K, 99% used [0x00000000ef100000,0x00000000ef5febc0,0x00000000ef600000)
  to   space 5120K, 0% used [0x00000000eec00000,0x00000000eec00000,0x00000000ef100000)
 ParOldGen       total 232448K, used 163772K [0x00000000c0000000, 0x00000000ce300000, 0x00000000eab00000)
  object space 232448K, 70% used [0x00000000c0000000,0x00000000c9fef338,0x00000000ce300000)
 Metaspace       used 17808K, capacity 18776K, committed 18944K, reserved 1064960K
  class space    used 2548K, capacity 2766K, committed 2816K, reserved 1048576K
GC Heap History (10 events):
Event: 3.220 GC heap before
{Heap before GC invocations=4 (full 0):
 PSYoungGen      total 38400K, used 37233K [0x00000000eab00000, 0x00000000ef600000, 0x0000000100000000)
  eden space 33280K, 96% used [0x00000000eab00000,0x00000000eca850b0,0x00000000ecb80000)
  from space 5120K, 96% used [0x00000000ecb80000,0x00000000ed0573b8,0x00000000ed080000)
  to   space 5120K, 0% used [0x00000000ef100000,0x00000000ef100000,0x00000000ef600000)
 ParOldGen       total 87552K, used 45319K [0x00000000c0000000, 0x00000000c5580000, 0x00000000eab00000)
  object space 87552K, 51% used [0x00000000c0000000,0x00000000c2c41e30,0x00000000c5580000)
 Metaspace       used 14081K, capacity 14812K, committed 14848K, reserved 1062912K
  class space    used 2131K, capacity 2274K, committed 2304K, reserved 1048576K
Event: 3.241 GC heap after
Heap after GC invocations=4 (full 0):
 PSYoungGen      total 71680K, used 5114K [0x00000000eab00000, 0x00000000ef600000, 0x0000000100000000)
  eden space 66560K, 0% used [0x00000000eab00000,0x00000000eab00000,0x00000000eec00000)
  from space 5120K, 99% used [0x00000000ef100000,0x00000000ef5fe888,0x00000000ef600000)
  to   space 5120K, 0% used [0x00000000eec00000,0x00000000eec00000,0x00000000ef100000)
 ParOldGen       total 87552K, used 68831K [0x00000000c0000000, 0x00000000c5580000, 0x00000000eab00000)
  object space 87552K, 78% used [0x00000000c0000000,0x00000000c4337c58,0x00000000c5580000)
 Metaspace       used 14081K, capacity 14812K, committed 14848K, reserved 1062912K
  class space    used 2131K, capacity 2274K, committed 2304K, reserved 1048576K
}
Event: 3.242 GC heap before
{Heap before GC invocations=5 (full 1):
 PSYoungGen      total 71680K, used 5114K [0x00000000eab00000, 0x00000000ef600000, 0x0000000100000000)
  eden space 66560K, 0% used [0x00000000eab00000,0x00000000eab00000,0x00000000eec00000)
  from space 5120K, 99% used [0x00000000ef100000,0x00000000ef5fe888,0x00000000ef600000)
  to   space 5120K, 0% used [0x00000000eec00000,0x00000000eec00000,0x00000000ef100000)
 ParOldGen       total 87552K, used 68831K [0x00000000c0000000, 0x00000000c5580000, 0x00000000eab00000)
  object space 87552K, 78% used [0x00000000c0000000,0x00000000c4337c58,0x00000000c5580000)
 Metaspace       used 14081K, capacity 14812K, committed 14848K, reserved 1062912K
  class space    used 2131K, capacity 2274K, committed 2304K, reserved 1048576K
Event: 3.333 GC heap after
Heap after GC invocations=5 (full 1):
 PSYoungGen      total 71680K, used 0K [0x00000000eab00000, 0x00000000ef600000, 0x0000000100000000)
  eden space 66560K, 0% used [0x00000000eab00000,0x00000000eab00000,0x00000000eec00000)
  from space 5120K, 0% used [0x00000000ef100000,0x00000000ef100000,0x00000000ef600000)
  to   space 5120K, 0% used [0x00000000eec00000,0x00000000eec00000,0x00000000ef100000)
 ParOldGen       total 151552K, used 73850K [0x00000000c0000000, 0x00000000c9400000, 0x00000000eab00000)
  object space 151552K, 48% used [0x00000000c0000000,0x00000000c481ebb0,0x00000000c9400000)
 Metaspace       used 14081K, capacity 14812K, committed 14848K, reserved 1062912K
  class space    used 2131K, capacity 2274K, committed 2304K, reserved 1048576K
}
Event: 4.377 GC heap before
{Heap before GC invocations=6 (full 1):
 PSYoungGen      total 71680K, used 53771K [0x00000000eab00000, 0x00000000ef600000, 0x0000000100000000)
  eden space 66560K, 80% used [0x00000000eab00000,0x00000000edf82f20,0x00000000eec00000)
  from space 5120K, 0% used [0x00000000ef100000,0x00000000ef100000,0x00000000ef600000)
  to   space 5120K, 0% used [0x00000000eec00000,0x00000000eec00000,0x00000000ef100000)
 ParOldGen       total 151552K, used 73850K [0x00000000c0000000, 0x00000000c9400000, 0x00000000eab00000)
  object space 151552K, 48% used [0x00000000c0000000,0x00000000c481ebb0,0x00000000c9400000)
 Metaspace       used 17539K, capacity 18398K, committed 18688K, reserved 1064960K
  class space    used 2506K, capacity 2709K, committed 2816K, reserved 1048576K
Event: 4.401 GC heap after
Heap after GC invocations=6 (full 1):
 PSYoungGen      total 71680K, used 5116K [0x00000000eab00000, 0x00000000ef600000, 0x0000000100000000)
  eden space 66560K, 0% used [0x00000000eab00000,0x00000000eab00000,0x00000000eec00000)
  from space 5120K, 99% used [0x00000000eec00000,0x00000000ef0ff358,0x00000000ef100000)
  to   space 5120K, 0% used [0x00000000ef100000,0x00000000ef100000,0x00000000ef600000)
 ParOldGen       total 151552K, used 112416K [0x00000000c0000000, 0x00000000c9400000, 0x00000000eab00000)
  object space 151552K, 74% used [0x00000000c0000000,0x00000000c6dc8140,0x00000000c9400000)
 Metaspace       used 17539K, capacity 18398K, committed 18688K, reserved 1064960K
  class space    used 2506K, capacity 2709K, committed 2816K, reserved 1048576K
}
Event: 4.401 GC heap before
{Heap before GC invocations=7 (full 2):
 PSYoungGen      total 71680K, used 5116K [0x00000000eab00000, 0x00000000ef600000, 0x0000000100000000)
  eden space 66560K, 0% used [0x00000000eab00000,0x00000000eab00000,0x00000000eec00000)
  from space 5120K, 99% used [0x00000000eec00000,0x00000000ef0ff358,0x00000000ef100000)
  to   space 5120K, 0% used [0x00000000ef100000,0x00000000ef100000,0x00000000ef600000)
 ParOldGen       total 151552K, used 112416K [0x00000000c0000000, 0x00000000c9400000, 0x00000000eab00000)
  object space 151552K, 74% used [0x00000000c0000000,0x00000000c6dc8140,0x00000000c9400000)
 Metaspace       used 17539K, capacity 18398K, committed 18688K, reserved 1064960K
  class space    used 2506K, capacity 2709K, committed 2816K, reserved 1048576K
Event: 4.452 GC heap after
Heap after GC invocations=7 (full 2):
 PSYoungGen      total 71680K, used 0K [0x00000000eab00000, 0x00000000ef600000, 0x0000000100000000)
  eden space 66560K, 0% used [0x00000000eab00000,0x00000000eab00000,0x00000000eec00000)
  from space 5120K, 0% used [0x00000000eec00000,0x00000000eec00000,0x00000000ef100000)
  to   space 5120K, 0% used [0x00000000ef100000,0x00000000ef100000,0x00000000ef600000)
 ParOldGen       total 232448K, used 114902K [0x00000000c0000000, 0x00000000ce300000, 0x00000000eab00000)
  object space 232448K, 49% used [0x00000000c0000000,0x00000000c7035b98,0x00000000ce300000)
 Metaspace       used 17539K, capacity 18398K, committed 18688K, reserved 1064960K
  class space    used 2506K, capacity 2709K, committed 2816K, reserved 1048576K
}
Event: 5.189 GC heap before
{Heap before GC invocations=8 (full 2):
 PSYoungGen      total 71680K, used 62020K [0x00000000eab00000, 0x00000000ef600000, 0x0000000100000000)
  eden space 66560K, 93% used [0x00000000eab00000,0x00000000ee791188,0x00000000eec00000)
  from space 5120K, 0% used [0x00000000eec00000,0x00000000eec00000,0x00000000ef100000)
  to   space 5120K, 0% used [0x00000000ef100000,0x00000000ef100000,0x00000000ef600000)
 ParOldGen       total 232448K, used 114902K [0x00000000c0000000, 0x00000000ce300000, 0x00000000eab00000)
  object space 232448K, 49% used [0x00000000c0000000,0x00000000c7035b98,0x00000000ce300000)
 Metaspace       used 17807K, capacity 18776K, committed 18944K, reserved 1064960K
  class space    used 2548K, capacity 2766K, committed 2816K, reserved 1048576K
Event: 5.218 GC heap after
Heap after GC invocations=8 (full 2):
 PSYoungGen      total 71680K, used 5114K [0x00000000eab00000, 0x00000000ef600000, 0x0000000100000000)
  eden space 66560K, 0% used [0x00000000eab00000,0x00000000eab00000,0x00000000eec00000)
  from space 5120K, 99% used [0x00000000ef100000,0x00000000ef5febc0,0x00000000ef600000)
  to   space 5120K, 0% used [0x00000000eec00000,0x00000000eec00000,0x00000000ef100000)
 ParOldGen       total 232448K, used 163772K [0x00000000c0000000, 0x00000000ce300000, 0x00000000eab00000)
  object space 232448K, 70% used [0x00000000c0000000,0x00000000c9fef338,0x00000000ce300000)
 Metaspace       used 17807K, capacity 18776K, committed 18944K, reserved 1064960K
  class space    used 2548K, capacity 2766K, committed 2816K, reserved 1048576K
}

