# JRE version: Java(TM) SE Runtime Environment (8.0_144-b01) (build 1.8.0_144-b01)
# Java VM: Java HotSpot(TM) 64-Bit Server VM (25.144-b01 mixed mode windows-amd64 compressed oops)
Heap:
 PSYoungGen      total 71680K, used 32812K [0x00000000eab00000, 0x00000000ef600000, 0x0000000100000000)
  eden space 66560K, 41% used [0x00000000eab00000,0x00000000ec60c660,0x00000000eec00000)
  from space 5120K, 99% used [0x00000000ef100000,0x00000000ef5febc0,0x00000000ef600000)
  to   space 5120K, 0% used [0x00000000eec00000,0x00000000eec00000,0x00000000ef100000)
 ParOldGen       total 235008K, used 163691K [0x00000000c0000000, 0x00000000ce580000, 0x00000000eab00000)
  object space 235008K, 69% used [0x00000000c0000000,0x00000000c9fdad70,0x00000000ce580000)
 Metaspace       used 17823K, capacity 18776K, committed 18944K, reserved 1064960K
  class space    used 2555K, capacity 2766K, committed 2816K, reserved 1048576K
GC Heap History (10 events):
Event: 3.869 GC heap before
{Heap before GC invocations=4 (full 0):
 PSYoungGen      total 38400K, used 37232K [0x00000000eab00000, 0x00000000ef600000, 0x0000000100000000)
  eden space 33280K, 96% used [0x00000000eab00000,0x00000000eca73e38,0x00000000ecb80000)
  from space 5120K, 98% used [0x00000000ecb80000,0x00000000ed068598,0x00000000ed080000)
  to   space 5120K, 0% used [0x00000000ef100000,0x00000000ef100000,0x00000000ef600000)
 ParOldGen       total 87552K, used 45259K [0x00000000c0000000, 0x00000000c5580000, 0x00000000eab00000)
  object space 87552K, 51% used [0x00000000c0000000,0x00000000c2c32c50,0x00000000c5580000)
 Metaspace       used 14094K, capacity 14844K, committed 14976K, reserved 1062912K
  class space    used 2132K, capacity 2306K, committed 2432K, reserved 1048576K
Event: 3.889 GC heap after
Heap after GC invocations=4 (full 0):
 PSYoungGen      total 71680K, used 5114K [0x00000000eab00000, 0x00000000ef600000, 0x0000000100000000)
  eden space 66560K, 0% used [0x00000000eab00000,0x00000000eab00000,0x00000000eec00000)
  from space 5120K, 99% used [0x00000000ef100000,0x00000000ef5fe8d8,0x00000000ef600000)
  to   space 5120K, 0% used [0x00000000eec00000,0x00000000eec00000,0x00000000ef100000)
 ParOldGen       total 87552K, used 68845K [0x00000000c0000000, 0x00000000c5580000, 0x00000000eab00000)
  object space 87552K, 78% used [0x00000000c0000000,0x00000000c433b408,0x00000000c5580000)
 Metaspace       used 14094K, capacity 14844K, committed 14976K, reserved 1062912K
  class space    used 2132K, capacity 2306K, committed 2432K, reserved 1048576K
}
Event: 3.889 GC heap before
{Heap before GC invocations=5 (full 1):
 PSYoungGen      total 71680K, used 5114K [0x00000000eab00000, 0x00000000ef600000, 0x0000000100000000)
  eden space 66560K, 0% used [0x00000000eab00000,0x00000000eab00000,0x00000000eec00000)
  from space 5120K, 99% used [0x00000000ef100000,0x00000000ef5fe8d8,0x00000000ef600000)
  to   space 5120K, 0% used [0x00000000eec00000,0x00000000eec00000,0x00000000ef100000)
 ParOldGen       total 87552K, used 68845K [0x00000000c0000000, 0x00000000c5580000, 0x00000000eab00000)
  object space 87552K, 78% used [0x00000000c0000000,0x00000000c433b408,0x00000000c5580000)
 Metaspace       used 14094K, capacity 14844K, committed 14976K, reserved 1062912K
  class space    used 2132K, capacity 2306K, committed 2432K, reserved 1048576K
Event: 3.988 GC heap after
Heap after GC invocations=5 (full 1):
 PSYoungGen      total 71680K, used 0K [0x00000000eab00000, 0x00000000ef600000, 0x0000000100000000)
  eden space 66560K, 0% used [0x00000000eab00000,0x00000000eab00000,0x00000000eec00000)
  from space 5120K, 0% used [0x00000000ef100000,0x00000000ef100000,0x00000000ef600000)
  to   space 5120K, 0% used [0x00000000eec00000,0x00000000eec00000,0x00000000ef100000)
 ParOldGen       total 151552K, used 73850K [0x00000000c0000000, 0x00000000c9400000, 0x00000000eab00000)
  object space 151552K, 48% used [0x00000000c0000000,0x00000000c481eb98,0x00000000c9400000)
 Metaspace       used 14094K, capacity 14844K, committed 14976K, reserved 1062912K
  class space    used 2132K, capacity 2306K, committed 2432K, reserved 1048576K
}
Event: 5.061 GC heap before
{Heap before GC invocations=6 (full 1):
 PSYoungGen      total 71680K, used 53657K [0x00000000eab00000, 0x00000000ef600000, 0x0000000100000000)
  eden space 66560K, 80% used [0x00000000eab00000,0x00000000edf66528,0x00000000eec00000)
  from space 5120K, 0% used [0x00000000ef100000,0x00000000ef100000,0x00000000ef600000)
  to   space 5120K, 0% used [0x00000000eec00000,0x00000000eec00000,0x00000000ef100000)
 ParOldGen       total 151552K, used 73850K [0x00000000c0000000, 0x00000000c9400000, 0x00000000eab00000)
  object space 151552K, 48% used [0x00000000c0000000,0x00000000c481eb98,0x00000000c9400000)
 Metaspace       used 17552K, capacity 18334K, committed 18688K, reserved 1064960K
  class space    used 2513K, capacity 2709K, committed 2816K, reserved 1048576K
Event: 5.082 GC heap after
Heap after GC invocations=6 (full 1):
 PSYoungGen      total 71680K, used 5116K [0x00000000eab00000, 0x00000000ef600000, 0x0000000100000000)
  eden space 66560K, 0% used [0x00000000eab00000,0x00000000eab00000,0x00000000eec00000)
  from space 5120K, 99% used [0x00000000eec00000,0x00000000ef0ff358,0x00000000ef100000)
  to   space 5120K, 0% used [0x00000000ef100000,0x00000000ef100000,0x00000000ef600000)
 ParOldGen       total 151552K, used 112382K [0x00000000c0000000, 0x00000000c9400000, 0x00000000eab00000)
  object space 151552K, 74% used [0x00000000c0000000,0x00000000c6dbf830,0x00000000c9400000)
 Metaspace       used 17552K, capacity 18334K, committed 18688K, reserved 1064960K
  class space    used 2513K, capacity 2709K, committed 2816K, reserved 1048576K
}
Event: 5.082 GC heap before
{Heap before GC invocations=7 (full 2):
 PSYoungGen      total 71680K, used 5116K [0x00000000eab00000, 0x00000000ef600000, 0x0000000100000000)
  eden space 66560K, 0% used [0x00000000eab00000,0x00000000eab00000,0x00000000eec00000)
  from space 5120K, 99% used [0x00000000eec00000,0x00000000ef0ff358,0x00000000ef100000)
  to   space 5120K, 0% used [0x00000000ef100000,0x00000000ef100000,0x00000000ef600000)
 ParOldGen       total 151552K, used 112382K [0x00000000c0000000, 0x00000000c9400000, 0x00000000eab00000)
  object space 151552K, 74% used [0x00000000c0000000,0x00000000c6dbf830,0x00000000c9400000)
 Metaspace       used 17552K, capacity 18334K, committed 18688K, reserved 1064960K
  class space    used 2513K, capacity 2709K, committed 2816K, reserved 1048576K
Event: 5.147 GC heap after
Heap after GC invocations=7 (full 2):
 PSYoungGen      total 71680K, used 0K [0x00000000eab00000, 0x00000000ef600000, 0x0000000100000000)
  eden space 66560K, 0% used [0x00000000eab00000,0x00000000eab00000,0x00000000eec00000)
  from space 5120K, 0% used [0x00000000eec00000,0x00000000eec00000,0x00000000ef100000)
  to   space 5120K, 0% used [0x00000000ef100000,0x00000000ef100000,0x00000000ef600000)
 ParOldGen       total 235008K, used 114829K [0x00000000c0000000, 0x00000000ce580000, 0x00000000eab00000)
  object space 235008K, 48% used [0x00000000c0000000,0x00000000c70235d0,0x00000000ce580000)
 Metaspace       used 17552K, capacity 18334K, committed 18688K, reserved 1064960K
  class space    used 2513K, capacity 2709K, committed 2816K, reserved 1048576K
}
Event: 5.908 GC heap before
{Heap before GC invocations=8 (full 2):
 PSYoungGen      total 71680K, used 61841K [0x00000000eab00000, 0x00000000ef600000, 0x0000000100000000)
  eden space 66560K, 92% used [0x00000000eab00000,0x00000000ee764518,0x00000000eec00000)
  from space 5120K, 0% used [0x00000000eec00000,0x00000000eec00000,0x00000000ef100000)
  to   space 5120K, 0% used [0x00000000ef100000,0x00000000ef100000,0x00000000ef600000)
 ParOldGen       total 235008K, used 114829K [0x00000000c0000000, 0x00000000ce580000, 0x00000000eab00000)
  object space 235008K, 48% used [0x00000000c0000000,0x00000000c70235d0,0x00000000ce580000)
 Metaspace       used 17822K, capacity 18776K, committed 18944K, reserved 1064960K
  class space    used 2555K, capacity 2766K, committed 2816K, reserved 1048576K
Event: 5.931 GC heap after
Heap after GC invocations=8 (full 2):
 PSYoungGen      total 71680K, used 5114K [0x00000000eab00000, 0x00000000ef600000, 0x0000000100000000)
  eden space 66560K, 0% used [0x00000000eab00000,0x00000000eab00000,0x00000000eec00000)
  from space 5120K, 99% used [0x00000000ef100000,0x00000000ef5febc0,0x00000000ef600000)
  to   space 5120K, 0% used [0x00000000eec00000,0x00000000eec00000,0x00000000ef100000)
 ParOldGen       total 235008K, used 163691K [0x00000000c0000000, 0x00000000ce580000, 0x00000000eab00000)
  object space 235008K, 69% used [0x00000000c0000000,0x00000000c9fdad70,0x00000000ce580000)
 Metaspace       used 17822K, capacity 18776K, committed 18944K, reserved 1064960K
  class space    used 2555K, capacity 2766K, committed 2816K, reserved 1048576K
}

